[INFO] Scanning for projects...
[WARNING] 
[WARNING] Some problems were encountered while building the effective model for com.zjpl:edw_java:jar:0.0.1-SNAPSHOT
[WARNING] 'build.plugins.plugin.version' for org.scala-tools:maven-scala-plugin is missing. @ line 457, column 21
[WARNING] 
[WARNING] It is highly recommended to fix these problems because they threaten the stability of your build.
[WARNING] 
[WARNING] For this reason, future Maven versions might no longer support building such malformed projects.
[WARNING] 
Downloading from Central Repository: http://central.maven.org/maven2/org/scala-tools/maven-scala-plugin/maven-metadata.xml
Progress (1): 1.3 kB                    Downloaded from Central Repository: http://central.maven.org/maven2/org/scala-tools/maven-scala-plugin/maven-metadata.xml (1.3 kB at 2.1 kB/s)
Downloading from Central Repository: http://central.maven.org/maven2/org/apache/johnzon/johnzon-maven-plugin/1.1.11/johnzon-maven-plugin-1.1.11.pom
Downloaded from Central Repository: http://central.maven.org/maven2/org/apache/johnzon/johnzon-maven-plugin/1.1.11/johnzon-maven-plugin-1.1.11.pom (0 B at 0 B/s)
Downloading from Central Repository: http://central.maven.org/maven2/org/apache/johnzon/johnzon/1.1.11/johnzon-1.1.11.pom
Downloaded from Central Repository: http://central.maven.org/maven2/org/apache/johnzon/johnzon/1.1.11/johnzon-1.1.11.pom (0 B at 0 B/s)
Downloading from Central Repository: http://central.maven.org/maven2/org/apache/johnzon/johnzon-maven-plugin/1.1.11/johnzon-maven-plugin-1.1.11.jar
Downloaded from Central Repository: http://central.maven.org/maven2/org/apache/johnzon/johnzon-maven-plugin/1.1.11/johnzon-maven-plugin-1.1.11.jar (0 B at 0 B/s)
[INFO] 
[INFO] -------------------------< com.zjpl:edw_java >--------------------------
[INFO] Building edw_java 0.0.1-SNAPSHOT
[INFO] --------------------------------[ jar ]---------------------------------
[INFO] 
[INFO] --- maven-dependency-plugin:3.1.1:tree (default-cli) @ edw_java ---
[INFO] com.zjpl:edw_java:jar:0.0.1-SNAPSHOT
[INFO] +- org.springframework.boot:spring-boot-starter-web:jar:2.1.5.RELEASE:compile
[INFO] |  +- org.springframework.boot:spring-boot-starter:jar:2.1.5.RELEASE:compile
[INFO] |  |  \- javax.annotation:javax.annotation-api:jar:1.3.2:compile
[INFO] |  +- org.springframework.boot:spring-boot-starter-json:jar:2.1.5.RELEASE:compile
[INFO] |  |  +- com.fasterxml.jackson.datatype:jackson-datatype-jdk8:jar:2.9.8:compile
[INFO] |  |  +- com.fasterxml.jackson.datatype:jackson-datatype-jsr310:jar:2.9.8:compile
[INFO] |  |  \- com.fasterxml.jackson.module:jackson-module-parameter-names:jar:2.9.8:compile
[INFO] |  +- org.springframework.boot:spring-boot-starter-tomcat:jar:2.1.5.RELEASE:compile
[INFO] |  |  +- org.apache.tomcat.embed:tomcat-embed-core:jar:9.0.19:compile
[INFO] |  |  +- org.apache.tomcat.embed:tomcat-embed-el:jar:9.0.19:compile
[INFO] |  |  \- org.apache.tomcat.embed:tomcat-embed-websocket:jar:9.0.19:compile
[INFO] |  +- org.hibernate.validator:hibernate-validator:jar:6.0.16.Final:compile
[INFO] |  |  +- javax.validation:validation-api:jar:2.0.1.Final:compile
[INFO] |  |  +- org.jboss.logging:jboss-logging:jar:3.3.2.Final:compile
[INFO] |  |  \- com.fasterxml:classmate:jar:1.4.0:compile
[INFO] |  +- org.springframework:spring-web:jar:5.1.7.RELEASE:compile
[INFO] |  |  \- org.springframework:spring-beans:jar:5.1.7.RELEASE:compile
[INFO] |  \- org.springframework:spring-webmvc:jar:5.1.7.RELEASE:compile
[INFO] |     \- org.springframework:spring-expression:jar:5.1.7.RELEASE:compile
[INFO] +- org.springframework.boot:spring-boot-starter-thymeleaf:jar:2.1.5.RELEASE:compile
[INFO] |  +- org.thymeleaf:thymeleaf-spring5:jar:3.0.11.RELEASE:compile
[INFO] |  |  \- org.thymeleaf:thymeleaf:jar:3.0.11.RELEASE:compile
[INFO] |  |     +- org.attoparser:attoparser:jar:2.0.5.RELEASE:compile
[INFO] |  |     \- org.unbescape:unbescape:jar:1.1.6.RELEASE:compile
[INFO] |  \- org.thymeleaf.extras:thymeleaf-extras-java8time:jar:3.0.4.RELEASE:compile
[INFO] +- org.springframework.boot:spring-boot-devtools:jar:2.1.5.RELEASE:runtime (optional) 
[INFO] |  +- org.springframework.boot:spring-boot:jar:2.1.5.RELEASE:compile
[INFO] |  \- org.springframework.boot:spring-boot-autoconfigure:jar:2.1.5.RELEASE:compile
[INFO] +- org.springframework.boot:spring-boot-configuration-processor:jar:2.1.5.RELEASE:compile (optional) 
[INFO] +- org.projectlombok:lombok:jar:1.18.8:compile (optional) 
[INFO] +- org.springframework.boot:spring-boot-starter-test:jar:2.1.5.RELEASE:test
[INFO] |  +- org.springframework.boot:spring-boot-test:jar:2.1.5.RELEASE:test
[INFO] |  +- org.springframework.boot:spring-boot-test-autoconfigure:jar:2.1.5.RELEASE:test
[INFO] |  +- com.jayway.jsonpath:json-path:jar:2.4.0:test
[INFO] |  |  \- net.minidev:json-smart:jar:2.3:test
[INFO] |  |     \- net.minidev:accessors-smart:jar:1.2:test
[INFO] |  |        \- org.ow2.asm:asm:jar:5.0.4:test
[INFO] |  +- junit:junit:jar:4.12:compile
[INFO] |  +- org.assertj:assertj-core:jar:3.11.1:test
[INFO] |  +- org.mockito:mockito-core:jar:2.23.4:test
[INFO] |  |  +- net.bytebuddy:byte-buddy:jar:1.9.12:test
[INFO] |  |  +- net.bytebuddy:byte-buddy-agent:jar:1.9.12:test
[INFO] |  |  \- org.objenesis:objenesis:jar:2.6:compile
[INFO] |  +- org.hamcrest:hamcrest-core:jar:1.3:compile
[INFO] |  +- org.hamcrest:hamcrest-library:jar:1.3:test
[INFO] |  +- org.skyscreamer:jsonassert:jar:1.5.0:test
[INFO] |  |  \- com.vaadin.external.google:android-json:jar:0.0.20131108.vaadin1:test
[INFO] |  +- org.springframework:spring-core:jar:5.1.7.RELEASE:compile
[INFO] |  |  \- org.springframework:spring-jcl:jar:5.1.7.RELEASE:compile
[INFO] |  +- org.springframework:spring-test:jar:5.1.7.RELEASE:test
[INFO] |  \- org.xmlunit:xmlunit-core:jar:2.6.2:test
[INFO] +- org.scala-lang:scala-library:jar:2.11.8:compile
[INFO] +- org.apache.hadoop:hadoop-client:jar:2.6.0-cdh5.14.2:compile
[INFO] |  +- org.apache.hadoop:hadoop-common:jar:2.6.0-cdh5.14.2:compile
[INFO] |  |  +- commons-httpclient:commons-httpclient:jar:3.1:compile
[INFO] |  |  +- commons-net:commons-net:jar:3.1:compile
[INFO] |  |  +- commons-configuration:commons-configuration:jar:1.6:compile
[INFO] |  |  |  +- commons-digester:commons-digester:jar:1.8:compile
[INFO] |  |  |  |  \- commons-beanutils:commons-beanutils:jar:1.7.0:compile
[INFO] |  |  |  \- commons-beanutils:commons-beanutils-core:jar:1.8.0:compile
[INFO] |  |  +- org.apache.avro:avro:jar:1.7.6-cdh5.14.2:compile
[INFO] |  |  +- com.google.code.gson:gson:jar:2.8.5:compile
[INFO] |  |  +- org.apache.curator:curator-client:jar:2.7.1:compile
[INFO] |  |  +- org.apache.curator:curator-recipes:jar:2.7.1:compile
[INFO] |  |  +- com.google.code.findbugs:jsr305:jar:3.0.0:compile
[INFO] |  |  \- org.apache.commons:commons-compress:jar:1.4.1:compile
[INFO] |  |     \- org.tukaani:xz:jar:1.0:compile
[INFO] |  +- org.apache.hadoop:hadoop-mapreduce-client-app:jar:2.6.0-cdh5.14.2:compile
[INFO] |  |  +- org.apache.hadoop:hadoop-mapreduce-client-common:jar:2.6.0-cdh5.14.2:compile
[INFO] |  |  |  +- org.apache.hadoop:hadoop-yarn-client:jar:2.6.0-cdh5.14.2:compile
[INFO] |  |  |  \- org.apache.hadoop:hadoop-yarn-server-common:jar:2.6.0-cdh5.14.2:compile
[INFO] |  |  \- org.apache.hadoop:hadoop-mapreduce-client-shuffle:jar:2.6.0-cdh5.14.2:compile
[INFO] |  +- org.apache.hadoop:hadoop-yarn-api:jar:2.6.0-cdh5.14.2:compile
[INFO] |  +- org.apache.hadoop:hadoop-mapreduce-client-core:jar:2.6.0-cdh5.14.2:compile
[INFO] |  |  \- org.apache.hadoop:hadoop-yarn-common:jar:2.6.0-cdh5.14.2:compile
[INFO] |  |     +- javax.xml.bind:jaxb-api:jar:2.3.1:compile
[INFO] |  |     |  \- javax.activation:javax.activation-api:jar:1.2.0:compile
[INFO] |  |     +- javax.servlet:servlet-api:jar:2.5:compile
[INFO] |  |     +- com.sun.jersey:jersey-client:jar:1.9:compile
[INFO] |  |     +- org.codehaus.jackson:jackson-jaxrs:jar:1.8.8:compile
[INFO] |  |     \- org.codehaus.jackson:jackson-xc:jar:1.8.8:compile
[INFO] |  +- org.apache.hadoop:hadoop-mapreduce-client-jobclient:jar:2.6.0-cdh5.14.2:compile
[INFO] |  +- org.apache.hadoop:hadoop-aws:jar:2.6.0-cdh5.14.2:compile
[INFO] |  |  +- com.amazonaws:aws-java-sdk-bundle:jar:1.11.134:compile
[INFO] |  |  \- com.fasterxml.jackson.core:jackson-annotations:jar:2.9.0:compile
[INFO] |  \- org.apache.hadoop:hadoop-annotations:jar:2.6.0-cdh5.14.2:compile
[INFO] +- org.apache.hadoop:hadoop-hdfs:jar:2.6.0-cdh5.14.2:compile
[INFO] |  +- com.google.guava:guava:jar:11.0.2:compile
[INFO] |  +- org.mortbay.jetty:jetty:jar:6.1.26.cloudera.4:compile
[INFO] |  +- org.mortbay.jetty:jetty-util:jar:6.1.26.cloudera.4:compile
[INFO] |  +- com.sun.jersey:jersey-core:jar:1.9:compile
[INFO] |  +- com.sun.jersey:jersey-server:jar:1.9:compile
[INFO] |  |  \- asm:asm:jar:3.1:compile
[INFO] |  +- commons-cli:commons-cli:jar:1.2:compile
[INFO] |  +- commons-codec:commons-codec:jar:1.11:compile
[INFO] |  +- commons-io:commons-io:jar:2.4:compile
[INFO] |  +- commons-lang:commons-lang:jar:2.6:compile
[INFO] |  +- commons-daemon:commons-daemon:jar:1.0.13:compile
[INFO] |  +- javax.servlet.jsp:jsp-api:jar:2.1:compile
[INFO] |  +- log4j:log4j:jar:1.2.17:compile
[INFO] |  +- org.codehaus.jackson:jackson-core-asl:jar:1.9.13:compile
[INFO] |  +- org.codehaus.jackson:jackson-mapper-asl:jar:1.9.13:compile
[INFO] |  +- tomcat:jasper-runtime:jar:5.5.23:compile
[INFO] |  |  \- commons-el:commons-el:jar:1.0:compile
[INFO] |  +- xmlenc:xmlenc:jar:0.52:compile
[INFO] |  +- io.netty:netty:jar:3.10.5.Final:compile
[INFO] |  +- xerces:xercesImpl:jar:2.9.1:compile
[INFO] |  |  \- xml-apis:xml-apis:jar:1.4.01:compile
[INFO] |  +- org.apache.htrace:htrace-core4:jar:4.0.1-incubating:compile
[INFO] |  \- org.fusesource.leveldbjni:leveldbjni-all:jar:1.8:compile
[INFO] +- org.apache.hive:hive-jdbc:jar:1.1.0-cdh5.14.2:compile
[INFO] |  +- org.apache.hive:hive-common:jar:1.1.0-cdh5.14.2:compile
[INFO] |  |  +- org.apache.hive:hive-classification:jar:1.1.0-cdh5.14.2:compile
[INFO] |  |  +- org.eclipse.jetty.aggregate:jetty-all:jar:7.6.0.v20120127:compile
[INFO] |  |  |  +- org.apache.geronimo.specs:geronimo-jta_1.1_spec:jar:1.1.1:compile
[INFO] |  |  |  +- javax.mail:mail:jar:1.4.1:compile
[INFO] |  |  |  +- javax.activation:activation:jar:1.1:compile
[INFO] |  |  |  +- org.apache.geronimo.specs:geronimo-jaspic_1.0_spec:jar:1.0:compile
[INFO] |  |  |  +- org.apache.geronimo.specs:geronimo-annotation_1.0_spec:jar:1.1.1:compile
[INFO] |  |  |  \- asm:asm-commons:jar:3.1:compile
[INFO] |  |  |     \- asm:asm-tree:jar:3.1:compile
[INFO] |  |  +- log4j:apache-log4j-extras:jar:1.2.17:compile
[INFO] |  |  +- org.apache.ant:ant:jar:1.9.1:compile
[INFO] |  |  |  \- org.apache.ant:ant-launcher:jar:1.9.1:compile
[INFO] |  |  +- com.codahale.metrics:metrics-core:jar:3.0.2:compile
[INFO] |  |  +- com.codahale.metrics:metrics-jvm:jar:3.0.2:compile
[INFO] |  |  \- com.codahale.metrics:metrics-json:jar:3.0.2:compile
[INFO] |  +- org.apache.hive:hive-service:jar:1.1.0-cdh5.14.2:compile
[INFO] |  |  +- net.sf.jpam:jpam:jar:1.1:compile
[INFO] |  |  +- tomcat:jasper-compiler:jar:5.5.23:compile
[INFO] |  |  +- org.apache.thrift:libfb303:jar:0.9.3:compile
[INFO] |  |  \- org.jamon:jamon-runtime:jar:2.3.1:compile
[INFO] |  +- org.apache.hive:hive-serde:jar:1.1.0-cdh5.14.2:compile
[INFO] |  |  +- net.sf.opencsv:opencsv:jar:2.3:compile
[INFO] |  |  +- com.twitter:parquet-hadoop-bundle:jar:1.5.0-cdh5.14.2:compile
[INFO] |  |  \- com.sun.jersey:jersey-servlet:jar:1.14:compile
[INFO] |  +- org.apache.hive:hive-metastore:jar:1.1.0-cdh5.14.2:compile
[INFO] |  |  +- com.jolbox:bonecp:jar:0.8.0.RELEASE:compile
[INFO] |  |  +- org.apache.derby:derby:jar:10.14.2.0:compile
[INFO] |  |  +- org.datanucleus:datanucleus-api-jdo:jar:3.2.6:compile
[INFO] |  |  +- org.datanucleus:datanucleus-core:jar:3.2.10:compile
[INFO] |  |  +- org.datanucleus:datanucleus-rdbms:jar:3.2.9:compile
[INFO] |  |  +- commons-pool:commons-pool:jar:1.6:compile
[INFO] |  |  +- commons-dbcp:commons-dbcp:jar:1.4:compile
[INFO] |  |  +- javax.jdo:jdo-api:jar:3.0.1:compile
[INFO] |  |  |  \- javax.transaction:jta:jar:1.1:compile
[INFO] |  |  \- org.antlr:antlr-runtime:jar:3.4:compile
[INFO] |  |     +- org.antlr:stringtemplate:jar:3.2.1:compile
[INFO] |  |     \- antlr:antlr:jar:2.7.7:compile
[INFO] |  +- org.apache.hive:hive-shims:jar:1.1.0-cdh5.14.2:compile
[INFO] |  |  +- org.apache.hive.shims:hive-shims-common:jar:1.1.0-cdh5.14.2:compile
[INFO] |  |  +- org.apache.hive.shims:hive-shims-0.23:jar:1.1.0-cdh5.14.2:runtime
[INFO] |  |  |  \- org.apache.hadoop:hadoop-yarn-server-resourcemanager:jar:2.6.0-cdh5.14.2:runtime
[INFO] |  |  |     +- com.google.inject.extensions:guice-servlet:jar:3.0:runtime
[INFO] |  |  |     +- com.sun.jersey:jersey-json:jar:1.9:runtime
[INFO] |  |  |     |  \- com.sun.xml.bind:jaxb-impl:jar:2.2.3-1:runtime
[INFO] |  |  |     +- com.sun.jersey.contribs:jersey-guice:jar:1.9:runtime
[INFO] |  |  |     +- org.codehaus.jettison:jettison:jar:1.1:runtime
[INFO] |  |  |     +- org.apache.hadoop:hadoop-yarn-server-applicationhistoryservice:jar:2.6.0-cdh5.14.2:runtime
[INFO] |  |  |     \- org.apache.hadoop:hadoop-yarn-server-web-proxy:jar:2.6.0-cdh5.14.2:runtime
[INFO] |  |  \- org.apache.hive.shims:hive-shims-scheduler:jar:1.1.0-cdh5.14.2:runtime
[INFO] |  |     \- org.mockito:mockito-all:jar:1.9.5:runtime
[INFO] |  +- commons-logging:commons-logging:jar:1.1.3:compile
[INFO] |  +- org.apache.httpcomponents:httpclient:jar:4.5.8:compile
[INFO] |  +- org.apache.httpcomponents:httpcore:jar:4.4.11:compile
[INFO] |  +- org.apache.thrift:libthrift:jar:0.9.3:compile
[INFO] |  +- org.apache.zookeeper:zookeeper:jar:3.4.5-cdh5.14.2:compile
[INFO] |  |  \- jline:jline:jar:2.11:compile
[INFO] |  +- org.apache.curator:curator-framework:jar:2.6.0:compile
[INFO] |  \- org.slf4j:slf4j-api:jar:1.7.26:compile
[INFO] +- org.apache.hbase:hbase-client:jar:1.2.0-cdh5.14.2:compile
[INFO] |  +- org.apache.hbase:hbase-annotations:jar:1.2.0-cdh5.14.2:compile
[INFO] |  +- org.apache.hbase:hbase-common:jar:1.2.0-cdh5.14.2:compile
[INFO] |  |  +- commons-collections:commons-collections:jar:3.2.2:compile
[INFO] |  |  \- org.apache.hadoop:hadoop-core:jar:2.6.0-mr1-cdh5.14.2:compile
[INFO] |  |     +- hsqldb:hsqldb:jar:1.8.0.10:compile
[INFO] |  |     \- org.eclipse.jdt:core:jar:3.1.1:compile
[INFO] |  +- org.apache.hbase:hbase-protocol:jar:1.2.0-cdh5.14.2:compile
[INFO] |  +- org.apache.htrace:htrace-core:jar:3.2.0-incubating:compile
[INFO] |  +- org.jruby.jcodings:jcodings:jar:1.0.8:compile
[INFO] |  +- org.jruby.joni:joni:jar:2.1.2:compile
[INFO] |  +- com.yammer.metrics:metrics-core:jar:2.2.0:compile
[INFO] |  +- org.apache.hadoop:hadoop-auth:jar:2.6.0-cdh5.14.2:compile
[INFO] |  |  \- org.apache.directory.server:apacheds-kerberos-codec:jar:2.0.0-M15:compile
[INFO] |  |     +- org.apache.directory.server:apacheds-i18n:jar:2.0.0-M15:compile
[INFO] |  |     +- org.apache.directory.api:api-asn1-api:jar:1.0.0-M20:compile
[INFO] |  |     \- org.apache.directory.api:api-util:jar:1.0.0-M20:compile
[INFO] |  \- com.github.stephenc.findbugs:findbugs-annotations:jar:1.3.9-1:compile
[INFO] +- org.json4s:json4s-jackson_2.11:jar:3.5.0:compile
[INFO] |  +- org.json4s:json4s-core_2.11:jar:3.5.0:compile
[INFO] |  |  +- org.json4s:json4s-ast_2.11:jar:3.5.0:compile
[INFO] |  |  +- org.json4s:json4s-scalap_2.11:jar:3.5.0:compile
[INFO] |  |  +- com.thoughtworks.paranamer:paranamer:jar:2.8:compile
[INFO] |  |  \- org.scala-lang.modules:scala-xml_2.11:jar:1.0.6:compile
[INFO] |  \- com.fasterxml.jackson.core:jackson-databind:jar:2.9.8:compile
[INFO] +- org.apache.spark:spark-streaming_2.11:jar:2.3.0.cloudera4:compile
[INFO] |  +- org.apache.spark:spark-core_2.11:jar:2.3.0.cloudera4:compile
[INFO] |  |  +- org.apache.avro:avro-mapred:jar:hadoop2:1.7.6-cdh5.13.3:compile
[INFO] |  |  |  \- org.apache.avro:avro-ipc:jar:tests:1.7.6-cdh5.13.3:compile
[INFO] |  |  +- com.twitter:chill_2.11:jar:0.8.0:compile
[INFO] |  |  +- com.twitter:chill-java:jar:0.8.0:compile
[INFO] |  |  +- org.apache.spark:spark-launcher_2.11:jar:2.3.0.cloudera4:compile
[INFO] |  |  +- org.apache.spark:spark-kvstore_2.11:jar:2.3.0.cloudera4:compile
[INFO] |  |  +- org.apache.spark:spark-network-common_2.11:jar:2.3.0.cloudera4:compile
[INFO] |  |  +- org.apache.spark:spark-network-shuffle_2.11:jar:2.3.0.cloudera4:compile
[INFO] |  |  +- org.apache.spark:spark-unsafe_2.11:jar:2.3.0.cloudera4:compile
[INFO] |  |  +- net.java.dev.jets3t:jets3t:jar:0.9.0:compile
[INFO] |  |  |  \- com.jamesmurty.utils:java-xmlbuilder:jar:0.4:compile
[INFO] |  |  +- javax.servlet:javax.servlet-api:jar:4.0.1:compile
[INFO] |  |  +- org.slf4j:jul-to-slf4j:jar:1.7.26:compile
[INFO] |  |  +- com.ning:compress-lzf:jar:1.0.3:compile
[INFO] |  |  +- org.xerial.snappy:snappy-java:jar:1.1.4:compile
[INFO] |  |  +- org.lz4:lz4-java:jar:1.4.0:compile
[INFO] |  |  +- com.github.luben:zstd-jni:jar:1.3.2-2:compile
[INFO] |  |  +- org.roaringbitmap:RoaringBitmap:jar:0.5.11:compile
[INFO] |  |  +- org.glassfish.jersey.core:jersey-client:jar:2.27:compile
[INFO] |  |  |  +- javax.ws.rs:javax.ws.rs-api:jar:2.1:compile
[INFO] |  |  |  \- org.glassfish.hk2.external:javax.inject:jar:2.5.0-b42:compile
[INFO] |  |  +- org.glassfish.jersey.core:jersey-common:jar:2.27:compile
[INFO] |  |  |  \- org.glassfish.hk2:osgi-resource-locator:jar:1.0.1:compile
[INFO] |  |  +- org.glassfish.jersey.core:jersey-server:jar:2.27:compile
[INFO] |  |  |  \- org.glassfish.jersey.media:jersey-media-jaxb:jar:2.27:compile
[INFO] |  |  +- org.glassfish.jersey.containers:jersey-container-servlet:jar:2.27:compile
[INFO] |  |  +- org.glassfish.jersey.containers:jersey-container-servlet-core:jar:2.27:compile
[INFO] |  |  +- com.clearspring.analytics:stream:jar:2.7.0:compile
[INFO] |  |  +- io.dropwizard.metrics:metrics-core:jar:4.0.5:compile
[INFO] |  |  +- io.dropwizard.metrics:metrics-jvm:jar:4.0.5:compile
[INFO] |  |  +- io.dropwizard.metrics:metrics-json:jar:4.0.5:compile
[INFO] |  |  +- io.dropwizard.metrics:metrics-graphite:jar:4.0.5:compile
[INFO] |  |  |  \- com.rabbitmq:amqp-client:jar:5.4.3:compile
[INFO] |  |  +- com.fasterxml.jackson.module:jackson-module-scala_2.11:jar:2.9.8:compile
[INFO] |  |  |  \- com.fasterxml.jackson.module:jackson-module-paranamer:jar:2.9.8:compile
[INFO] |  |  +- org.apache.ivy:ivy:jar:2.4.0:compile
[INFO] |  |  +- oro:oro:jar:2.0.8:compile
[INFO] |  |  +- net.razorvine:pyrolite:jar:4.13:compile
[INFO] |  |  +- net.sf.py4j:py4j:jar:0.10.7:compile
[INFO] |  |  \- org.apache.commons:commons-crypto:jar:1.0.0:compile
[INFO] |  +- org.apache.spark:spark-tags_2.11:jar:2.3.0.cloudera4:compile
[INFO] |  \- org.spark-project.spark:unused:jar:1.0.0:compile
[INFO] +- org.scala-lang.modules:scala-parser-combinators_2.11:jar:1.0.5:compile
[INFO] +- org.apache.spark:spark-streaming-flume_2.11:jar:2.3.0.cloudera4:compile
[INFO] |  +- org.apache.flume:flume-ng-core:jar:1.6.0-cdh5.13.3:compile
[INFO] |  |  +- org.apache.flume:flume-ng-configuration:jar:1.6.0-cdh5.13.3:compile
[INFO] |  |  +- org.apache.avro:avro-ipc:jar:1.7.6-cdh5.13.3:compile
[INFO] |  |  |  \- org.apache.velocity:velocity:jar:1.7:compile
[INFO] |  |  \- org.apache.mina:mina-core:jar:2.0.4:compile
[INFO] |  \- org.apache.flume:flume-ng-sdk:jar:1.6.0-cdh5.13.3:compile
[INFO] +- org.apache.spark:spark-streaming-flume-sink_2.11:jar:2.3.0.cloudera4:compile
[INFO] +- org.apache.commons:commons-lang3:jar:3.5:compile
[INFO] +- org.apache.flume.flume-ng-clients:flume-ng-log4jappender:jar:1.6.0-cdh5.14.2:compile
[INFO] +- org.apache.spark:spark-sql_2.11:jar:2.3.0.cloudera4:compile
[INFO] |  +- com.univocity:univocity-parsers:jar:2.5.9:compile
[INFO] |  +- org.apache.spark:spark-sketch_2.11:jar:2.3.0.cloudera4:compile
[INFO] |  +- org.apache.spark:spark-catalyst_2.11:jar:2.3.0.cloudera4:compile
[INFO] |  |  +- org.scala-lang:scala-reflect:jar:2.11.8:compile
[INFO] |  |  +- org.codehaus.janino:janino:jar:3.0.12:compile
[INFO] |  |  +- org.codehaus.janino:commons-compiler:jar:3.0.8:compile
[INFO] |  |  \- org.antlr:antlr4-runtime:jar:4.7:compile
[INFO] |  +- org.apache.orc:orc-core:jar:nohive:1.4.4:compile
[INFO] |  |  \- io.airlift:aircompressor:jar:0.8:compile
[INFO] |  +- org.apache.orc:orc-mapreduce:jar:nohive:1.4.4:compile
[INFO] |  |  \- com.esotericsoftware:kryo-shaded:jar:3.0.3:compile
[INFO] |  |     \- com.esotericsoftware:minlog:jar:1.3.0:compile
[INFO] |  +- com.twitter:parquet-column:jar:1.5.0-cdh5.13.3:compile
[INFO] |  |  +- com.twitter:parquet-common:jar:1.5.0-cdh5.13.3:compile
[INFO] |  |  \- com.twitter:parquet-encoding:jar:1.5.0-cdh5.13.3:compile
[INFO] |  +- com.twitter:parquet-hadoop:jar:1.5.0-cdh5.13.3:compile
[INFO] |  |  +- com.twitter:parquet-format:jar:2.1.0-cdh5.13.3:compile
[INFO] |  |  \- com.twitter:parquet-jackson:jar:1.5.0-cdh5.13.3:compile
[INFO] |  +- org.apache.arrow:arrow-vector:jar:0.8.0:compile
[INFO] |  |  +- org.apache.arrow:arrow-format:jar:0.8.0:compile
[INFO] |  |  +- org.apache.arrow:arrow-memory:jar:0.8.0:compile
[INFO] |  |  \- com.vlkan:flatbuffers:jar:1.2.0-3f79e055:compile
[INFO] |  +- org.apache.xbean:xbean-asm5-shaded:jar:4.4:compile
[INFO] |  \- com.twitter:parquet-avro:jar:1.5.0-cdh5.13.3:compile
[INFO] |     \- it.unimi.dsi:fastutil:jar:7.2.1:compile
[INFO] +- org.apache.spark:spark-streaming-kafka-0-10_2.11:jar:2.3.0.cloudera4:compile
[INFO] |  \- org.apache.kafka:kafka-clients:jar:2.0.1:compile
[INFO] +- org.apache.spark:spark-graphx_2.11:jar:2.3.0.cloudera4:compile
[INFO] |  +- org.apache.spark:spark-mllib-local_2.11:jar:2.3.0.cloudera4:compile
[INFO] |  +- com.github.fommil.netlib:core:jar:1.1.2:compile
[INFO] |  \- net.sourceforge.f2j:arpack_combined_all:jar:0.1:compile
[INFO] +- org.apache.spark:spark-mllib_2.11:jar:2.3.0.cloudera4:compile
[INFO] |  +- org.scalanlp:breeze_2.11:jar:0.13.2:compile
[INFO] |  |  +- org.scalanlp:breeze-macros_2.11:jar:0.13.2:compile
[INFO] |  |  +- com.github.rwl:jtransforms:jar:2.4.0:compile
[INFO] |  |  +- org.spire-math:spire_2.11:jar:0.13.0:compile
[INFO] |  |  |  +- org.spire-math:spire-macros_2.11:jar:0.13.0:compile
[INFO] |  |  |  \- org.typelevel:machinist_2.11:jar:0.6.1:compile
[INFO] |  |  \- com.chuusai:shapeless_2.11:jar:2.3.2:compile
[INFO] |  |     \- org.typelevel:macro-compat_2.11:jar:1.1.1:compile
[INFO] |  \- org.apache.commons:commons-math3:jar:3.4.1:compile
[INFO] +- org.elasticsearch:elasticsearch-spark-20_2.11:jar:5.5.3:compile
[INFO] +- org.elasticsearch:elasticsearch:jar:5.5.3:compile
[INFO] |  +- org.apache.lucene:lucene-core:jar:6.6.0:compile
[INFO] |  +- org.apache.lucene:lucene-analyzers-common:jar:6.6.0:compile
[INFO] |  +- org.apache.lucene:lucene-backward-codecs:jar:6.6.0:compile
[INFO] |  +- org.apache.lucene:lucene-grouping:jar:6.6.0:compile
[INFO] |  +- org.apache.lucene:lucene-highlighter:jar:6.6.0:compile
[INFO] |  +- org.apache.lucene:lucene-join:jar:6.6.0:compile
[INFO] |  +- org.apache.lucene:lucene-memory:jar:6.6.0:compile
[INFO] |  +- org.apache.lucene:lucene-misc:jar:6.6.0:compile
[INFO] |  +- org.apache.lucene:lucene-queries:jar:6.6.0:compile
[INFO] |  +- org.apache.lucene:lucene-queryparser:jar:6.6.0:compile
[INFO] |  +- org.apache.lucene:lucene-sandbox:jar:6.6.0:compile
[INFO] |  +- org.apache.lucene:lucene-spatial:jar:6.6.0:compile
[INFO] |  +- org.apache.lucene:lucene-spatial-extras:jar:6.6.0:compile
[INFO] |  +- org.apache.lucene:lucene-spatial3d:jar:6.6.0:compile
[INFO] |  +- org.apache.lucene:lucene-suggest:jar:6.6.0:compile
[INFO] |  +- org.elasticsearch:securesm:jar:1.1:compile
[INFO] |  +- net.sf.jopt-simple:jopt-simple:jar:5.0.2:compile
[INFO] |  +- com.carrotsearch:hppc:jar:0.7.1:compile
[INFO] |  +- joda-time:joda-time:jar:2.10.2:compile
[INFO] |  +- org.yaml:snakeyaml:jar:1.23:compile
[INFO] |  +- com.fasterxml.jackson.core:jackson-core:jar:2.9.8:compile
[INFO] |  +- com.fasterxml.jackson.dataformat:jackson-dataformat-smile:jar:2.9.8:compile
[INFO] |  +- com.fasterxml.jackson.dataformat:jackson-dataformat-yaml:jar:2.9.8:compile
[INFO] |  +- com.fasterxml.jackson.dataformat:jackson-dataformat-cbor:jar:2.9.8:compile
[INFO] |  +- com.tdunning:t-digest:jar:3.0:compile
[INFO] |  +- org.hdrhistogram:HdrHistogram:jar:2.1.9:compile
[INFO] |  \- org.elasticsearch:jna:jar:4.4.0:compile
[INFO] +- org.elasticsearch.client:transport:jar:5.5.3:compile
[INFO] |  +- org.elasticsearch.plugin:transport-netty3-client:jar:5.5.3:compile
[INFO] |  +- org.elasticsearch.plugin:transport-netty4-client:jar:6.4.3:compile
[INFO] |  |  +- io.netty:netty-buffer:jar:4.1.36.Final:compile
[INFO] |  |  +- io.netty:netty-codec:jar:4.1.36.Final:compile
[INFO] |  |  +- io.netty:netty-codec-http:jar:4.1.36.Final:compile
[INFO] |  |  +- io.netty:netty-common:jar:4.1.36.Final:compile
[INFO] |  |  +- io.netty:netty-handler:jar:4.1.36.Final:compile
[INFO] |  |  +- io.netty:netty-resolver:jar:4.1.36.Final:compile
[INFO] |  |  \- io.netty:netty-transport:jar:4.1.36.Final:compile
[INFO] |  +- org.elasticsearch.plugin:reindex-client:jar:5.5.3:compile
[INFO] |  |  \- org.elasticsearch.client:rest:jar:5.5.3:compile
[INFO] |  |     +- org.apache.httpcomponents:httpasyncclient:jar:4.1.4:compile
[INFO] |  |     \- org.apache.httpcomponents:httpcore-nio:jar:4.4.11:compile
[INFO] |  +- org.elasticsearch.plugin:lang-mustache-client:jar:5.5.3:compile
[INFO] |  |  \- com.github.spullara.mustache.java:compiler:jar:0.9.3:compile
[INFO] |  +- org.elasticsearch.plugin:percolator-client:jar:5.5.3:compile
[INFO] |  \- org.elasticsearch.plugin:parent-join-client:jar:5.5.3:compile
[INFO] +- org.apache.phoenix:phoenix-spark:jar:4.14.0-cdh5.14.2:compile
[INFO] |  \- org.apache.phoenix:phoenix-core:jar:4.14.0-cdh5.14.2:compile
[INFO] |     +- org.apache.tephra:tephra-api:jar:0.14.0-incubating:compile
[INFO] |     +- org.apache.tephra:tephra-core:jar:0.14.0-incubating:compile
[INFO] |     |  +- com.google.inject:guice:jar:3.0:compile
[INFO] |     |  |  +- javax.inject:javax.inject:jar:1:compile
[INFO] |     |  |  \- aopalliance:aopalliance:jar:1.0:compile
[INFO] |     |  +- com.google.inject.extensions:guice-assistedinject:jar:3.0:compile
[INFO] |     |  +- org.apache.twill:twill-common:jar:0.8.0:compile
[INFO] |     |  +- org.apache.twill:twill-core:jar:0.8.0:compile
[INFO] |     |  |  +- org.apache.twill:twill-api:jar:0.8.0:compile
[INFO] |     |  |  \- org.ow2.asm:asm-all:jar:5.0.2:compile
[INFO] |     |  +- org.apache.twill:twill-discovery-api:jar:0.8.0:compile
[INFO] |     |  +- org.apache.twill:twill-discovery-core:jar:0.8.0:compile
[INFO] |     |  \- org.apache.twill:twill-zookeeper:jar:0.8.0:compile
[INFO] |     +- org.apache.tephra:tephra-hbase-compat-1.2-cdh:jar:0.14.0-incubating:compile
[INFO] |     +- sqlline:sqlline:jar:1.2.0:compile
[INFO] |     +- com.github.stephenc.jcip:jcip-annotations:jar:1.0-1:compile
[INFO] |     +- org.iq80.snappy:snappy:jar:0.3:compile
[INFO] |     +- org.apache.commons:commons-csv:jar:1.0:compile
[INFO] |     +- org.apache.hbase:hbase-server:jar:1.2.0-cdh5.14.2:compile
[INFO] |     |  +- org.apache.hbase:hbase-procedure:jar:1.2.0-cdh5.14.2:compile
[INFO] |     |  |  \- org.apache.hbase:hbase-common:jar:tests:1.2.0-cdh5.14.2:compile
[INFO] |     |  +- org.apache.hbase:hbase-prefix-tree:jar:1.2.0-cdh5.14.2:runtime
[INFO] |     |  +- com.github.stephenc.high-scale-lib:high-scale-lib:jar:1.1.1:compile
[INFO] |     |  +- org.apache.commons:commons-math:jar:2.1:compile
[INFO] |     |  +- org.mortbay.jetty:jetty-sslengine:jar:6.1.26.cloudera.4:compile
[INFO] |     |  +- org.mortbay.jetty:jsp-2.1:jar:6.1.14:compile
[INFO] |     |  +- org.mortbay.jetty:jsp-api-2.1:jar:6.1.14:compile
[INFO] |     |  +- org.mortbay.jetty:servlet-api-2.5:jar:6.1.14:compile
[INFO] |     |  \- org.apache.hadoop:hadoop-hdfs:test-jar:tests:2.6.0-cdh5.14.2:compile
[INFO] |     +- org.apache.hbase:hbase-hadoop-compat:jar:1.2.0-cdh5.14.2:compile
[INFO] |     +- org.apache.hbase:hbase-hadoop2-compat:jar:1.2.0-cdh5.14.2:compile
[INFO] |     +- com.salesforce.i18n:i18n-util:jar:1.0.4:compile
[INFO] |     |  +- com.ibm.icu:icu4j:jar:60.2:compile
[INFO] |     |  +- com.ibm.icu:icu4j-localespi:jar:60.2:compile
[INFO] |     |  \- com.ibm.icu:icu4j-charset:jar:60.2:compile
[INFO] |     \- com.lmax:disruptor:jar:3.3.6:compile
[INFO] +- mysql:mysql-connector-java:jar:5.1.47:compile
[INFO] +- io.netty:netty-all:jar:4.1.17.Final:compile
[INFO] +- com.alibaba:druid:jar:1.0.18:compile
[INFO] |  +- com.alibaba:jconsole:jar:1.8.0:system
[INFO] |  \- com.alibaba:tools:jar:1.8.0:system
[INFO] +- com.alibaba.otter:canal.client:jar:1.1.3:compile
[INFO] |  +- com.101tec:zkclient:jar:0.10:compile
[INFO] |  +- com.alibaba:fastjson:jar:1.2.28:compile
[INFO] |  +- ch.qos.logback:logback-core:jar:1.2.3:compile
[INFO] |  +- ch.qos.logback:logback-classic:jar:1.2.3:compile
[INFO] |  +- org.slf4j:jcl-over-slf4j:jar:1.7.26:compile
[INFO] |  +- org.springframework:spring-aop:jar:5.1.7.RELEASE:compile
[INFO] |  +- org.springframework:spring-context:jar:5.1.7.RELEASE:compile
[INFO] |  +- org.springframework:spring-jdbc:jar:5.1.7.RELEASE:compile
[INFO] |  |  \- org.springframework:spring-tx:jar:5.1.7.RELEASE:compile
[INFO] |  +- org.springframework:spring-orm:jar:5.1.7.RELEASE:compile
[INFO] |  +- org.apache.rocketmq:rocketmq-client:jar:4.3.0:compile
[INFO] |  |  \- org.apache.rocketmq:rocketmq-common:jar:4.3.0:compile
[INFO] |  |     \- org.apache.rocketmq:rocketmq-remoting:jar:4.3.0:compile
[INFO] |  |        +- org.apache.rocketmq:rocketmq-logging:jar:4.3.0:compile
[INFO] |  |        \- io.netty:netty-tcnative-boringssl-static:jar:2.0.25.Final:compile
[INFO] |  \- com.aliyun.openservices:aliware-apache-rocketmq-cloud:jar:1.0:compile
[INFO] +- org.apache.logging.log4j:log4j-core:jar:2.11.2:compile
[INFO] +- org.apache.logging.log4j:log4j-api:jar:2.11.2:compile
[INFO] \- com.google.protobuf:protobuf-java:jar:3.5.1:compile
[INFO] ------------------------------------------------------------------------
[INFO] BUILD SUCCESS
[INFO] ------------------------------------------------------------------------
[INFO] Total time:  6.624 s
[INFO] Finished at: 2019-08-27T16:42:30+08:00
[INFO] ------------------------------------------------------------------------
[WARNING] The requested profile "dev" could not be activated because it does not exist.
